2026-06-19 13:01:36 [main] [INFO ] Utils                     - [Utils] MethodGroupsHelper.collectMethodsByGroup() took 11 ms.
2026-06-19 13:01:36 [main] [INFO ] Utils                     - [Utils] MethodGroupsHelper.sortMethods() took 27 ms.
2026-06-19 13:01:36 [main] [INFO ] Utils                     - [Utils] MethodGroupsHelper.collectMethodsByGroup() took 0 ms.
2026-06-19 13:01:36 [main] [INFO ] Utils                     - [Utils] MethodGroupsHelper.sortMethods() took 0 ms.
2026-06-19 13:01:36 [main] [INFO ] Utils                     - [Utils] MethodGroupsHelper.collectMethodsByGroup() took 0 ms.
2026-06-19 13:01:36 [main] [INFO ] Utils                     - [Utils] MethodGroupsHelper.sortMethods() took 0 ms.
2026-06-19 13:01:36 [main] [INFO ] Utils                     - [Utils] MethodGroupsHelper.collectMethodsByGroup() took 0 ms.
2026-06-19 13:01:36 [main] [INFO ] Utils                     - [Utils] MethodGroupsHelper.sortMethods() took 0 ms.
2026-06-19 13:01:36 [main] [INFO ] Utils                     - [Utils] MethodGroupsHelper.collectMethodsByGroup() took 0 ms.
2026-06-19 13:01:36 [main] [INFO ] Utils                     - [Utils] MethodGroupsHelper.sortMethods() took 0 ms.
2026-06-19 13:01:36 [main] [INFO ] Utils                     - [Utils] MethodGroupsHelper.collectMethodsByGroup() took 0 ms.
2026-06-19 13:01:36 [main] [INFO ] Utils                     - [Utils] MethodGroupsHelper.sortMethods() took 0 ms.
2026-06-19 13:01:36 [main] [INFO ] Utils                     - [Utils] MethodGroupsHelper.collectMethodsByGroup() took 0 ms.
2026-06-19 13:01:36 [main] [INFO ] Utils                     - [Utils] MethodGroupsHelper.sortMethods() took 0 ms.
2026-06-19 13:01:36 [main] [INFO ] Utils                     - [Utils] MethodGroupsHelper.collectMethodsByGroup() took 0 ms.
2026-06-19 13:01:36 [main] [INFO ] Utils                     - [Utils] MethodGroupsHelper.sortMethods() took 0 ms.
2026-06-19 13:01:36 [main] [INFO ] Utils                     - [Utils] MethodGroupsHelper.collectMethodsByGroup() took 0 ms.
2026-06-19 13:01:36 [main] [INFO ] Utils                     - [Utils] MethodGroupsHelper.sortMethods() took 0 ms.
2026-06-19 13:01:36 [main] [INFO ] Utils                     - [Utils] MethodGroupsHelper.collectMethodsByGroup() took 0 ms.
2026-06-19 13:01:36 [main] [INFO ] Utils                     - [Utils] MethodGroupsHelper.sortMethods() took 0 ms.
2026-06-19 13:01:36 [main] [INFO ] Utils                     - [Utils] MethodGroupsHelper.collectMethodsByGroup() took 0 ms.
2026-06-19 13:01:36 [main] [INFO ] Utils                     - [Utils] MethodGroupsHelper.sortMethods() took 0 ms.
2026-06-19 13:01:36 [main] [INFO ] Utils                     - [Utils] MethodGroupsHelper.collectMethodsByGroup() took 0 ms.
2026-06-19 13:01:36 [main] [INFO ] Utils                     - [Utils] MethodGroupsHelper.sortMethods() took 0 ms.
2026-06-19 13:01:36 [main] [INFO ] Utils                     - [Utils] MethodGroupsHelper.collectMethodsByGroup() took 0 ms.
2026-06-19 13:01:36 [main] [INFO ] Utils                     - [Utils] MethodGroupsHelper.sortMethods() took 0 ms.
2026-06-19 13:01:36 [main] [INFO ] Utils                     - [Utils] MethodGroupsHelper.collectMethodsByGroup() took 0 ms.
2026-06-19 13:01:36 [main] [INFO ] Utils                     - [Utils] MethodGroupsHelper.sortMethods() took 0 ms.
2026-06-19 13:01:36 [main] [INFO ] Utils                     - [Utils] MethodGroupsHelper.collectMethodsByGroup() took 0 ms.
2026-06-19 13:01:36 [main] [INFO ] Utils                     - [Utils] MethodGroupsHelper.sortMethods() took 0 ms.
2026-06-19 13:01:37 [main] [INFO ] Utils                     - [TestNG] Running:
  C:\Users\admin\AppData\Local\Temp\testng-eclipse-1055298362\testng-customsuite.xml

2026-06-19 13:01:37 [main] [INFO ] BaseClass                 - Extent Report initialized
2026-06-19 13:01:39 [main] [INFO ] BaseClass                 - Browser launched successfully
2026-06-19 13:01:40 [main] [INFO ] BaseClass                 - Navigated to the application URL   http://192.168.100.170/ens/
2026-06-19 13:01:40 [main] [INFO ] Utils                     - [Utils] DynamicGraphHelper.createDynamicGraph() took 7 ms.
2026-06-19 13:01:40 [main] [INFO ] BaseClass                 - Login test executed successfully
2026-06-19 13:01:41 [main] [INFO ] Utils                     - [TestNG] Time taken by org.testng.reporters.jq.Main@1f03fba0: 72 ms
2026-06-19 13:01:41 [main] [INFO ] Utils                     - [TestNG] Time taken by org.testng.reporters.FailedReporter@17dd671f: 1 ms
2026-06-19 13:01:41 [main] [INFO ] Utils                     - [TestNG] Time taken by org.testng.reporters.XMLReporter@2abe9173: 18 ms
2026-06-19 13:01:41 [main] [INFO ] Utils                     - [TestNG] Time taken by org.testng.reporters.EmailableReporter2@5875de6a: 8 ms
2026-06-19 13:01:41 [main] [INFO ] Utils                     - [TestNG] Time taken by org.testng.reporters.JUnitReportReporter@a4b5ce3: 10 ms
2026-06-19 13:01:41 [main] [INFO ] Utils                     - [TestNG] Time taken by org.testng.internal.ExitCodeListener@f5b6e78: 0 ms
